\BOOKMARK [0][-]{chapter.1}{\376\377\0001\000\040\000C\000I\000A\000A\000W\000\040\000F\000o\000r\000t\000r\000a\000n\000\040\000a\000n\000d\000\040\000C\000\040\000A\000P\000I}{}% 1
\BOOKMARK [0][-]{chapter.2}{\376\377\0002\000\040\000M\000o\000d\000u\000l\000e\000s\000\040\000I\000n\000d\000e\000x}{}% 2
\BOOKMARK [1][-]{section.2.1}{\376\377\0002\000.\0001\000\040\000M\000o\000d\000u\000l\000e\000s\000\040\000L\000i\000s\000t}{chapter.2}% 3
\BOOKMARK [0][-]{chapter.3}{\376\377\0003\000\040\000D\000a\000t\000a\000\040\000T\000y\000p\000e\000\040\000I\000n\000d\000e\000x}{}% 4
\BOOKMARK [1][-]{section.3.1}{\376\377\0003\000.\0001\000\040\000D\000a\000t\000a\000\040\000T\000y\000p\000e\000s\000\040\000L\000i\000s\000t}{chapter.3}% 5
\BOOKMARK [0][-]{chapter.4}{\376\377\0004\000\040\000F\000i\000l\000e\000\040\000I\000n\000d\000e\000x}{}% 6
\BOOKMARK [1][-]{section.4.1}{\376\377\0004\000.\0001\000\040\000F\000i\000l\000e\000\040\000L\000i\000s\000t}{chapter.4}% 7
\BOOKMARK [0][-]{chapter.5}{\376\377\0005\000\040\000M\000o\000d\000u\000l\000e\000\040\000D\000o\000c\000u\000m\000e\000n\000t\000a\000t\000i\000o\000n}{}% 8
\BOOKMARK [1][-]{section.5.1}{\376\377\0005\000.\0001\000\040\000c\000i\000a\000a\000w\000\040\000M\000o\000d\000u\000l\000e\000\040\000R\000e\000f\000e\000r\000e\000n\000c\000e}{chapter.5}% 9
\BOOKMARK [2][-]{subsection.5.1.1}{\376\377\0005\000.\0001\000.\0001\000\040\000D\000e\000t\000a\000i\000l\000e\000d\000\040\000D\000e\000s\000c\000r\000i\000p\000t\000i\000o\000n}{section.5.1}% 10
\BOOKMARK [1][-]{section.5.2}{\376\377\0005\000.\0002\000\040\000c\000i\000a\000a\000w\000\137\000\137\000s\000a\000w\000\040\000M\000o\000d\000u\000l\000e\000\040\000R\000e\000f\000e\000r\000e\000n\000c\000e}{chapter.5}% 11
\BOOKMARK [2][-]{subsection.5.2.1}{\376\377\0005\000.\0002\000.\0001\000\040\000D\000e\000t\000a\000i\000l\000e\000d\000\040\000D\000e\000s\000c\000r\000i\000p\000t\000i\000o\000n}{section.5.2}% 12
\BOOKMARK [1][-]{section.5.3}{\376\377\0005\000.\0003\000\040\000c\000i\000a\000a\000w\000\137\000\137\000v\000e\000r\000s\000i\000o\000n\000\040\000M\000o\000d\000u\000l\000e\000\040\000R\000e\000f\000e\000r\000e\000n\000c\000e}{chapter.5}% 13
\BOOKMARK [2][-]{subsection.5.3.1}{\376\377\0005\000.\0003\000.\0001\000\040\000D\000e\000t\000a\000i\000l\000e\000d\000\040\000D\000e\000s\000c\000r\000i\000p\000t\000i\000o\000n}{section.5.3}% 14
\BOOKMARK [2][-]{subsection.5.3.2}{\376\377\0005\000.\0003\000.\0002\000\040\000F\000u\000n\000c\000t\000i\000o\000n\000/\000S\000u\000b\000r\000o\000u\000t\000i\000n\000e\000\040\000D\000o\000c\000u\000m\000e\000n\000t\000a\000t\000i\000o\000n}{section.5.3}% 15
\BOOKMARK [3][-]{subsubsection.5.3.2.1}{\376\377\0005\000.\0003\000.\0002\000.\0001\000\040\000g\000e\000t\000\137\000v\000e\000r\000s\000i\000o\000n\000\050\000\051}{subsection.5.3.2}% 16
\BOOKMARK [0][-]{chapter.6}{\376\377\0006\000\040\000D\000a\000t\000a\000\040\000T\000y\000p\000e\000\040\000D\000o\000c\000u\000m\000e\000n\000t\000a\000t\000i\000o\000n}{}% 17
\BOOKMARK [1][-]{section.6.1}{\376\377\0006\000.\0001\000\040\000c\000i\000a\000a\000w\000\137\000\137\000s\000a\000w\000:\000:\000c\000a\000p\000i\000\137\000e\000l\000e\000m\000e\000n\000t\000\137\000t\000\040\000T\000y\000p\000e\000\040\000R\000e\000f\000e\000r\000e\000n\000c\000e}{chapter.6}% 18
\BOOKMARK [2][-]{subsection.6.1.1}{\376\377\0006\000.\0001\000.\0001\000\040\000D\000e\000t\000a\000i\000l\000e\000d\000\040\000D\000e\000s\000c\000r\000i\000p\000t\000i\000o\000n}{section.6.1}% 19
\BOOKMARK [1][-]{section.6.2}{\376\377\0006\000.\0002\000\040\000c\000i\000a\000a\000w\000\137\000s\000a\000w\000\137\000e\000l\000e\000m\000e\000n\000t\000\137\000t\000\040\000S\000t\000r\000u\000c\000t\000\040\000R\000e\000f\000e\000r\000e\000n\000c\000e}{chapter.6}% 20
\BOOKMARK [2][-]{subsection.6.2.1}{\376\377\0006\000.\0002\000.\0001\000\040\000D\000e\000t\000a\000i\000l\000e\000d\000\040\000D\000e\000s\000c\000r\000i\000p\000t\000i\000o\000n}{section.6.2}% 21
\BOOKMARK [2][-]{subsection.6.2.2}{\376\377\0006\000.\0002\000.\0002\000\040\000F\000i\000e\000l\000d\000\040\000D\000o\000c\000u\000m\000e\000n\000t\000a\000t\000i\000o\000n}{section.6.2}% 22
\BOOKMARK [3][-]{subsubsection.6.2.2.1}{\376\377\0006\000.\0002\000.\0002\000.\0001\000\040\000a\000s\000a\000w}{subsection.6.2.2}% 23
\BOOKMARK [3][-]{subsubsection.6.2.2.2}{\376\377\0006\000.\0002\000.\0002\000.\0002\000\040\000a\000s\000a\000w\000\137\000u}{subsection.6.2.2}% 24
\BOOKMARK [3][-]{subsubsection.6.2.2.3}{\376\377\0006\000.\0002\000.\0002\000.\0003\000\040\000e\000l\000e\000m\000e\000n\000t}{subsection.6.2.2}% 25
\BOOKMARK [3][-]{subsubsection.6.2.2.4}{\376\377\0006\000.\0002\000.\0002\000.\0004\000\040\000s\000a\000w}{subsection.6.2.2}% 26
\BOOKMARK [3][-]{subsubsection.6.2.2.5}{\376\377\0006\000.\0002\000.\0002\000.\0005\000\040\000s\000a\000w\000\137\000m\000a\000x}{subsection.6.2.2}% 27
\BOOKMARK [3][-]{subsubsection.6.2.2.6}{\376\377\0006\000.\0002\000.\0002\000.\0006\000\040\000s\000a\000w\000\137\000m\000i\000n}{subsection.6.2.2}% 28
\BOOKMARK [3][-]{subsubsection.6.2.2.7}{\376\377\0006\000.\0002\000.\0002\000.\0007\000\040\000s\000a\000w\000\137\000u}{subsection.6.2.2}% 29
\BOOKMARK [3][-]{subsubsection.6.2.2.8}{\376\377\0006\000.\0002\000.\0002\000.\0008\000\040\000s\000y\000m\000b\000o\000l}{subsection.6.2.2}% 30
\BOOKMARK [3][-]{subsubsection.6.2.2.9}{\376\377\0006\000.\0002\000.\0002\000.\0009\000\040\000z}{subsection.6.2.2}% 31
\BOOKMARK [1][-]{section.6.3}{\376\377\0006\000.\0003\000\040\000c\000i\000a\000a\000w\000\137\000\137\000s\000a\000w\000:\000:\000e\000l\000e\000m\000e\000n\000t\000\137\000t\000\040\000T\000y\000p\000e\000\040\000R\000e\000f\000e\000r\000e\000n\000c\000e}{chapter.6}% 32
\BOOKMARK [2][-]{subsection.6.3.1}{\376\377\0006\000.\0003\000.\0001\000\040\000D\000e\000t\000a\000i\000l\000e\000d\000\040\000D\000e\000s\000c\000r\000i\000p\000t\000i\000o\000n}{section.6.3}% 33
\BOOKMARK [0][-]{chapter.7}{\376\377\0007\000\040\000F\000i\000l\000e\000\040\000D\000o\000c\000u\000m\000e\000n\000t\000a\000t\000i\000o\000n}{}% 34
\BOOKMARK [1][-]{section.7.1}{\376\377\0007\000.\0001\000\040\000c\000i\000a\000a\000w\000.\000h\000\040\000F\000i\000l\000e\000\040\000R\000e\000f\000e\000r\000e\000n\000c\000e}{chapter.7}% 35
\BOOKMARK [2][-]{subsection.7.1.1}{\376\377\0007\000.\0001\000.\0001\000\040\000D\000e\000t\000a\000i\000l\000e\000d\000\040\000D\000e\000s\000c\000r\000i\000p\000t\000i\000o\000n}{section.7.1}% 36
\BOOKMARK [1][-]{section.7.2}{\376\377\0007\000.\0002\000\040\000c\000i\000a\000a\000w\000.\000h}{chapter.7}% 37
\BOOKMARK [1][-]{section.7.3}{\376\377\0007\000.\0003\000\040\000c\000i\000a\000a\000w\000\137\000s\000a\000w\000.\000h\000\040\000F\000i\000l\000e\000\040\000R\000e\000f\000e\000r\000e\000n\000c\000e}{chapter.7}% 38
\BOOKMARK [2][-]{subsection.7.3.1}{\376\377\0007\000.\0003\000.\0001\000\040\000D\000e\000t\000a\000i\000l\000e\000d\000\040\000D\000e\000s\000c\000r\000i\000p\000t\000i\000o\000n}{section.7.3}% 39
\BOOKMARK [2][-]{subsection.7.3.2}{\376\377\0007\000.\0003\000.\0002\000\040\000V\000a\000r\000i\000a\000b\000l\000e\000\040\000D\000o\000c\000u\000m\000e\000n\000t\000a\000t\000i\000o\000n}{section.7.3}% 40
\BOOKMARK [3][-]{subsubsection.7.3.2.1}{\376\377\0007\000.\0003\000.\0002\000.\0001\000\040\000c\000i\000a\000a\000w\000\137\000s\000a\000w\000\137\000A\000c}{subsection.7.3.2}% 41
\BOOKMARK [3][-]{subsubsection.7.3.2.2}{\376\377\0007\000.\0003\000.\0002\000.\0002\000\040\000c\000i\000a\000a\000w\000\137\000s\000a\000w\000\137\000A\000g}{subsection.7.3.2}% 42
\BOOKMARK [3][-]{subsubsection.7.3.2.3}{\376\377\0007\000.\0003\000.\0002\000.\0003\000\040\000c\000i\000a\000a\000w\000\137\000s\000a\000w\000\137\000A\000l}{subsection.7.3.2}% 43
\BOOKMARK [3][-]{subsubsection.7.3.2.4}{\376\377\0007\000.\0003\000.\0002\000.\0004\000\040\000c\000i\000a\000a\000w\000\137\000s\000a\000w\000\137\000A\000m}{subsection.7.3.2}% 44
\BOOKMARK [3][-]{subsubsection.7.3.2.5}{\376\377\0007\000.\0003\000.\0002\000.\0005\000\040\000c\000i\000a\000a\000w\000\137\000s\000a\000w\000\137\000A\000r}{subsection.7.3.2}% 45
\BOOKMARK [3][-]{subsubsection.7.3.2.6}{\376\377\0007\000.\0003\000.\0002\000.\0006\000\040\000c\000i\000a\000a\000w\000\137\000s\000a\000w\000\137\000A\000s}{subsection.7.3.2}% 46
\BOOKMARK [3][-]{subsubsection.7.3.2.7}{\376\377\0007\000.\0003\000.\0002\000.\0007\000\040\000c\000i\000a\000a\000w\000\137\000s\000a\000w\000\137\000A\000t}{subsection.7.3.2}% 47
\BOOKMARK [3][-]{subsubsection.7.3.2.8}{\376\377\0007\000.\0003\000.\0002\000.\0008\000\040\000c\000i\000a\000a\000w\000\137\000s\000a\000w\000\137\000A\000u}{subsection.7.3.2}% 48
\BOOKMARK [3][-]{subsubsection.7.3.2.9}{\376\377\0007\000.\0003\000.\0002\000.\0009\000\040\000c\000i\000a\000a\000w\000\137\000s\000a\000w\000\137\000B}{subsection.7.3.2}% 49
\BOOKMARK [3][-]{subsubsection.7.3.2.10}{\376\377\0007\000.\0003\000.\0002\000.\0001\0000\000\040\000c\000i\000a\000a\000w\000\137\000s\000a\000w\000\137\000B\000a}{subsection.7.3.2}% 50
\BOOKMARK [3][-]{subsubsection.7.3.2.11}{\376\377\0007\000.\0003\000.\0002\000.\0001\0001\000\040\000c\000i\000a\000a\000w\000\137\000s\000a\000w\000\137\000B\000e}{subsection.7.3.2}% 51
\BOOKMARK [3][-]{subsubsection.7.3.2.12}{\376\377\0007\000.\0003\000.\0002\000.\0001\0002\000\040\000c\000i\000a\000a\000w\000\137\000s\000a\000w\000\137\000B\000h}{subsection.7.3.2}% 52
\BOOKMARK [3][-]{subsubsection.7.3.2.13}{\376\377\0007\000.\0003\000.\0002\000.\0001\0003\000\040\000c\000i\000a\000a\000w\000\137\000s\000a\000w\000\137\000B\000i}{subsection.7.3.2}% 53
\BOOKMARK [3][-]{subsubsection.7.3.2.14}{\376\377\0007\000.\0003\000.\0002\000.\0001\0004\000\040\000c\000i\000a\000a\000w\000\137\000s\000a\000w\000\137\000B\000k}{subsection.7.3.2}% 54
\BOOKMARK [3][-]{subsubsection.7.3.2.15}{\376\377\0007\000.\0003\000.\0002\000.\0001\0005\000\040\000c\000i\000a\000a\000w\000\137\000s\000a\000w\000\137\000B\000r}{subsection.7.3.2}% 55
\BOOKMARK [3][-]{subsubsection.7.3.2.16}{\376\377\0007\000.\0003\000.\0002\000.\0001\0006\000\040\000c\000i\000a\000a\000w\000\137\000s\000a\000w\000\137\000C}{subsection.7.3.2}% 56
\BOOKMARK [3][-]{subsubsection.7.3.2.17}{\376\377\0007\000.\0003\000.\0002\000.\0001\0007\000\040\000c\000i\000a\000a\000w\000\137\000s\000a\000w\000\137\000C\000a}{subsection.7.3.2}% 57
\BOOKMARK [3][-]{subsubsection.7.3.2.18}{\376\377\0007\000.\0003\000.\0002\000.\0001\0008\000\040\000c\000i\000a\000a\000w\000\137\000s\000a\000w\000\137\000C\000d}{subsection.7.3.2}% 58
\BOOKMARK [3][-]{subsubsection.7.3.2.19}{\376\377\0007\000.\0003\000.\0002\000.\0001\0009\000\040\000c\000i\000a\000a\000w\000\137\000s\000a\000w\000\137\000C\000e}{subsection.7.3.2}% 59
\BOOKMARK [3][-]{subsubsection.7.3.2.20}{\376\377\0007\000.\0003\000.\0002\000.\0002\0000\000\040\000c\000i\000a\000a\000w\000\137\000s\000a\000w\000\137\000C\000f}{subsection.7.3.2}% 60
\BOOKMARK [3][-]{subsubsection.7.3.2.21}{\376\377\0007\000.\0003\000.\0002\000.\0002\0001\000\040\000c\000i\000a\000a\000w\000\137\000s\000a\000w\000\137\000C\000l}{subsection.7.3.2}% 61
\BOOKMARK [3][-]{subsubsection.7.3.2.22}{\376\377\0007\000.\0003\000.\0002\000.\0002\0002\000\040\000c\000i\000a\000a\000w\000\137\000s\000a\000w\000\137\000C\000m}{subsection.7.3.2}% 62
\BOOKMARK [3][-]{subsubsection.7.3.2.23}{\376\377\0007\000.\0003\000.\0002\000.\0002\0003\000\040\000c\000i\000a\000a\000w\000\137\000s\000a\000w\000\137\000C\000n}{subsection.7.3.2}% 63
\BOOKMARK [3][-]{subsubsection.7.3.2.24}{\376\377\0007\000.\0003\000.\0002\000.\0002\0004\000\040\000c\000i\000a\000a\000w\000\137\000s\000a\000w\000\137\000C\000o}{subsection.7.3.2}% 64
\BOOKMARK [3][-]{subsubsection.7.3.2.25}{\376\377\0007\000.\0003\000.\0002\000.\0002\0005\000\040\000c\000i\000a\000a\000w\000\137\000s\000a\000w\000\137\000C\000r}{subsection.7.3.2}% 65
\BOOKMARK [3][-]{subsubsection.7.3.2.26}{\376\377\0007\000.\0003\000.\0002\000.\0002\0006\000\040\000c\000i\000a\000a\000w\000\137\000s\000a\000w\000\137\000C\000s}{subsection.7.3.2}% 66
\BOOKMARK [3][-]{subsubsection.7.3.2.27}{\376\377\0007\000.\0003\000.\0002\000.\0002\0007\000\040\000c\000i\000a\000a\000w\000\137\000s\000a\000w\000\137\000C\000u}{subsection.7.3.2}% 67
\BOOKMARK [3][-]{subsubsection.7.3.2.28}{\376\377\0007\000.\0003\000.\0002\000.\0002\0008\000\040\000c\000i\000a\000a\000w\000\137\000s\000a\000w\000\137\000D\000b}{subsection.7.3.2}% 68
\BOOKMARK [3][-]{subsubsection.7.3.2.29}{\376\377\0007\000.\0003\000.\0002\000.\0002\0009\000\040\000c\000i\000a\000a\000w\000\137\000s\000a\000w\000\137\000D\000s}{subsection.7.3.2}% 69
\BOOKMARK [3][-]{subsubsection.7.3.2.30}{\376\377\0007\000.\0003\000.\0002\000.\0003\0000\000\040\000c\000i\000a\000a\000w\000\137\000s\000a\000w\000\137\000D\000y}{subsection.7.3.2}% 70
\BOOKMARK [3][-]{subsubsection.7.3.2.31}{\376\377\0007\000.\0003\000.\0002\000.\0003\0001\000\040\000c\000i\000a\000a\000w\000\137\000s\000a\000w\000\137\000E\000r}{subsection.7.3.2}% 71
\BOOKMARK [3][-]{subsubsection.7.3.2.32}{\376\377\0007\000.\0003\000.\0002\000.\0003\0002\000\040\000c\000i\000a\000a\000w\000\137\000s\000a\000w\000\137\000E\000s}{subsection.7.3.2}% 72
\BOOKMARK [3][-]{subsubsection.7.3.2.33}{\376\377\0007\000.\0003\000.\0002\000.\0003\0003\000\040\000c\000i\000a\000a\000w\000\137\000s\000a\000w\000\137\000E\000u}{subsection.7.3.2}% 73
\BOOKMARK [3][-]{subsubsection.7.3.2.34}{\376\377\0007\000.\0003\000.\0002\000.\0003\0004\000\040\000c\000i\000a\000a\000w\000\137\000s\000a\000w\000\137\000F}{subsection.7.3.2}% 74
\BOOKMARK [3][-]{subsubsection.7.3.2.35}{\376\377\0007\000.\0003\000.\0002\000.\0003\0005\000\040\000c\000i\000a\000a\000w\000\137\000s\000a\000w\000\137\000F\000e}{subsection.7.3.2}% 75
\BOOKMARK [3][-]{subsubsection.7.3.2.36}{\376\377\0007\000.\0003\000.\0002\000.\0003\0006\000\040\000c\000i\000a\000a\000w\000\137\000s\000a\000w\000\137\000F\000l}{subsection.7.3.2}% 76
\BOOKMARK [3][-]{subsubsection.7.3.2.37}{\376\377\0007\000.\0003\000.\0002\000.\0003\0007\000\040\000c\000i\000a\000a\000w\000\137\000s\000a\000w\000\137\000F\000m}{subsection.7.3.2}% 77
\BOOKMARK [3][-]{subsubsection.7.3.2.38}{\376\377\0007\000.\0003\000.\0002\000.\0003\0008\000\040\000c\000i\000a\000a\000w\000\137\000s\000a\000w\000\137\000F\000r}{subsection.7.3.2}% 78
\BOOKMARK [3][-]{subsubsection.7.3.2.39}{\376\377\0007\000.\0003\000.\0002\000.\0003\0009\000\040\000c\000i\000a\000a\000w\000\137\000s\000a\000w\000\137\000G\000a}{subsection.7.3.2}% 79
\BOOKMARK [3][-]{subsubsection.7.3.2.40}{\376\377\0007\000.\0003\000.\0002\000.\0004\0000\000\040\000c\000i\000a\000a\000w\000\137\000s\000a\000w\000\137\000G\000d}{subsection.7.3.2}% 80
\BOOKMARK [3][-]{subsubsection.7.3.2.41}{\376\377\0007\000.\0003\000.\0002\000.\0004\0001\000\040\000c\000i\000a\000a\000w\000\137\000s\000a\000w\000\137\000G\000e}{subsection.7.3.2}% 81
\BOOKMARK [3][-]{subsubsection.7.3.2.42}{\376\377\0007\000.\0003\000.\0002\000.\0004\0002\000\040\000c\000i\000a\000a\000w\000\137\000s\000a\000w\000\137\000H}{subsection.7.3.2}% 82
\BOOKMARK [3][-]{subsubsection.7.3.2.43}{\376\377\0007\000.\0003\000.\0002\000.\0004\0003\000\040\000c\000i\000a\000a\000w\000\137\000s\000a\000w\000\137\000H\000e}{subsection.7.3.2}% 83
\BOOKMARK [3][-]{subsubsection.7.3.2.44}{\376\377\0007\000.\0003\000.\0002\000.\0004\0004\000\040\000c\000i\000a\000a\000w\000\137\000s\000a\000w\000\137\000H\000f}{subsection.7.3.2}% 84
\BOOKMARK [3][-]{subsubsection.7.3.2.45}{\376\377\0007\000.\0003\000.\0002\000.\0004\0005\000\040\000c\000i\000a\000a\000w\000\137\000s\000a\000w\000\137\000H\000g}{subsection.7.3.2}% 85
\BOOKMARK [3][-]{subsubsection.7.3.2.46}{\376\377\0007\000.\0003\000.\0002\000.\0004\0006\000\040\000c\000i\000a\000a\000w\000\137\000s\000a\000w\000\137\000H\000o}{subsection.7.3.2}% 86
\BOOKMARK [3][-]{subsubsection.7.3.2.47}{\376\377\0007\000.\0003\000.\0002\000.\0004\0007\000\040\000c\000i\000a\000a\000w\000\137\000s\000a\000w\000\137\000H\000s}{subsection.7.3.2}% 87
\BOOKMARK [3][-]{subsubsection.7.3.2.48}{\376\377\0007\000.\0003\000.\0002\000.\0004\0008\000\040\000c\000i\000a\000a\000w\000\137\000s\000a\000w\000\137\000I}{subsection.7.3.2}% 88
\BOOKMARK [3][-]{subsubsection.7.3.2.49}{\376\377\0007\000.\0003\000.\0002\000.\0004\0009\000\040\000c\000i\000a\000a\000w\000\137\000s\000a\000w\000\137\000I\000n}{subsection.7.3.2}% 89
\BOOKMARK [3][-]{subsubsection.7.3.2.50}{\376\377\0007\000.\0003\000.\0002\000.\0005\0000\000\040\000c\000i\000a\000a\000w\000\137\000s\000a\000w\000\137\000I\000r}{subsection.7.3.2}% 90
\BOOKMARK [3][-]{subsubsection.7.3.2.51}{\376\377\0007\000.\0003\000.\0002\000.\0005\0001\000\040\000c\000i\000a\000a\000w\000\137\000s\000a\000w\000\137\000K}{subsection.7.3.2}% 91
\BOOKMARK [3][-]{subsubsection.7.3.2.52}{\376\377\0007\000.\0003\000.\0002\000.\0005\0002\000\040\000c\000i\000a\000a\000w\000\137\000s\000a\000w\000\137\000K\000r}{subsection.7.3.2}% 92
\BOOKMARK [3][-]{subsubsection.7.3.2.53}{\376\377\0007\000.\0003\000.\0002\000.\0005\0003\000\040\000c\000i\000a\000a\000w\000\137\000s\000a\000w\000\137\000L\000a}{subsection.7.3.2}% 93
\BOOKMARK [3][-]{subsubsection.7.3.2.54}{\376\377\0007\000.\0003\000.\0002\000.\0005\0004\000\040\000c\000i\000a\000a\000w\000\137\000s\000a\000w\000\137\000L\000i}{subsection.7.3.2}% 94
\BOOKMARK [3][-]{subsubsection.7.3.2.55}{\376\377\0007\000.\0003\000.\0002\000.\0005\0005\000\040\000c\000i\000a\000a\000w\000\137\000s\000a\000w\000\137\000L\000r}{subsection.7.3.2}% 95
\BOOKMARK [3][-]{subsubsection.7.3.2.56}{\376\377\0007\000.\0003\000.\0002\000.\0005\0006\000\040\000c\000i\000a\000a\000w\000\137\000s\000a\000w\000\137\000L\000u}{subsection.7.3.2}% 96
\BOOKMARK [3][-]{subsubsection.7.3.2.57}{\376\377\0007\000.\0003\000.\0002\000.\0005\0007\000\040\000c\000i\000a\000a\000w\000\137\000s\000a\000w\000\137\000L\000v}{subsection.7.3.2}% 97
\BOOKMARK [3][-]{subsubsection.7.3.2.58}{\376\377\0007\000.\0003\000.\0002\000.\0005\0008\000\040\000c\000i\000a\000a\000w\000\137\000s\000a\000w\000\137\000M\000c}{subsection.7.3.2}% 98
\BOOKMARK [3][-]{subsubsection.7.3.2.59}{\376\377\0007\000.\0003\000.\0002\000.\0005\0009\000\040\000c\000i\000a\000a\000w\000\137\000s\000a\000w\000\137\000M\000d}{subsection.7.3.2}% 99
\BOOKMARK [3][-]{subsubsection.7.3.2.60}{\376\377\0007\000.\0003\000.\0002\000.\0006\0000\000\040\000c\000i\000a\000a\000w\000\137\000s\000a\000w\000\137\000M\000g}{subsection.7.3.2}% 100
\BOOKMARK [3][-]{subsubsection.7.3.2.61}{\376\377\0007\000.\0003\000.\0002\000.\0006\0001\000\040\000c\000i\000a\000a\000w\000\137\000s\000a\000w\000\137\000M\000n}{subsection.7.3.2}% 101
\BOOKMARK [3][-]{subsubsection.7.3.2.62}{\376\377\0007\000.\0003\000.\0002\000.\0006\0002\000\040\000c\000i\000a\000a\000w\000\137\000s\000a\000w\000\137\000M\000o}{subsection.7.3.2}% 102
\BOOKMARK [3][-]{subsubsection.7.3.2.63}{\376\377\0007\000.\0003\000.\0002\000.\0006\0003\000\040\000c\000i\000a\000a\000w\000\137\000s\000a\000w\000\137\000M\000t}{subsection.7.3.2}% 103
\BOOKMARK [3][-]{subsubsection.7.3.2.64}{\376\377\0007\000.\0003\000.\0002\000.\0006\0004\000\040\000c\000i\000a\000a\000w\000\137\000s\000a\000w\000\137\000N}{subsection.7.3.2}% 104
\BOOKMARK [3][-]{subsubsection.7.3.2.65}{\376\377\0007\000.\0003\000.\0002\000.\0006\0005\000\040\000c\000i\000a\000a\000w\000\137\000s\000a\000w\000\137\000N\000a}{subsection.7.3.2}% 105
\BOOKMARK [3][-]{subsubsection.7.3.2.66}{\376\377\0007\000.\0003\000.\0002\000.\0006\0006\000\040\000c\000i\000a\000a\000w\000\137\000s\000a\000w\000\137\000N\000b}{subsection.7.3.2}% 106
\BOOKMARK [3][-]{subsubsection.7.3.2.67}{\376\377\0007\000.\0003\000.\0002\000.\0006\0007\000\040\000c\000i\000a\000a\000w\000\137\000s\000a\000w\000\137\000N\000d}{subsection.7.3.2}% 107
\BOOKMARK [3][-]{subsubsection.7.3.2.68}{\376\377\0007\000.\0003\000.\0002\000.\0006\0008\000\040\000c\000i\000a\000a\000w\000\137\000s\000a\000w\000\137\000N\000e}{subsection.7.3.2}% 108
\BOOKMARK [3][-]{subsubsection.7.3.2.69}{\376\377\0007\000.\0003\000.\0002\000.\0006\0009\000\040\000c\000i\000a\000a\000w\000\137\000s\000a\000w\000\137\000N\000h}{subsection.7.3.2}% 109
\BOOKMARK [3][-]{subsubsection.7.3.2.70}{\376\377\0007\000.\0003\000.\0002\000.\0007\0000\000\040\000c\000i\000a\000a\000w\000\137\000s\000a\000w\000\137\000N\000i}{subsection.7.3.2}% 110
\BOOKMARK [3][-]{subsubsection.7.3.2.71}{\376\377\0007\000.\0003\000.\0002\000.\0007\0001\000\040\000c\000i\000a\000a\000w\000\137\000s\000a\000w\000\137\000N\000o}{subsection.7.3.2}% 111
\BOOKMARK [3][-]{subsubsection.7.3.2.72}{\376\377\0007\000.\0003\000.\0002\000.\0007\0002\000\040\000c\000i\000a\000a\000w\000\137\000s\000a\000w\000\137\000N\000p}{subsection.7.3.2}% 112
\BOOKMARK [3][-]{subsubsection.7.3.2.73}{\376\377\0007\000.\0003\000.\0002\000.\0007\0003\000\040\000c\000i\000a\000a\000w\000\137\000s\000a\000w\000\137\000O}{subsection.7.3.2}% 113
\BOOKMARK [3][-]{subsubsection.7.3.2.74}{\376\377\0007\000.\0003\000.\0002\000.\0007\0004\000\040\000c\000i\000a\000a\000w\000\137\000s\000a\000w\000\137\000O\000g}{subsection.7.3.2}% 114
\BOOKMARK [3][-]{subsubsection.7.3.2.75}{\376\377\0007\000.\0003\000.\0002\000.\0007\0005\000\040\000c\000i\000a\000a\000w\000\137\000s\000a\000w\000\137\000O\000s}{subsection.7.3.2}% 115
\BOOKMARK [3][-]{subsubsection.7.3.2.76}{\376\377\0007\000.\0003\000.\0002\000.\0007\0006\000\040\000c\000i\000a\000a\000w\000\137\000s\000a\000w\000\137\000P}{subsection.7.3.2}% 116
\BOOKMARK [3][-]{subsubsection.7.3.2.77}{\376\377\0007\000.\0003\000.\0002\000.\0007\0007\000\040\000c\000i\000a\000a\000w\000\137\000s\000a\000w\000\137\000P\000a}{subsection.7.3.2}% 117
\BOOKMARK [3][-]{subsubsection.7.3.2.78}{\376\377\0007\000.\0003\000.\0002\000.\0007\0008\000\040\000c\000i\000a\000a\000w\000\137\000s\000a\000w\000\137\000P\000b}{subsection.7.3.2}% 118
\BOOKMARK [3][-]{subsubsection.7.3.2.79}{\376\377\0007\000.\0003\000.\0002\000.\0007\0009\000\040\000c\000i\000a\000a\000w\000\137\000s\000a\000w\000\137\000P\000d}{subsection.7.3.2}% 119
\BOOKMARK [3][-]{subsubsection.7.3.2.80}{\376\377\0007\000.\0003\000.\0002\000.\0008\0000\000\040\000c\000i\000a\000a\000w\000\137\000s\000a\000w\000\137\000P\000m}{subsection.7.3.2}% 120
\BOOKMARK [3][-]{subsubsection.7.3.2.81}{\376\377\0007\000.\0003\000.\0002\000.\0008\0001\000\040\000c\000i\000a\000a\000w\000\137\000s\000a\000w\000\137\000P\000o}{subsection.7.3.2}% 121
\BOOKMARK [3][-]{subsubsection.7.3.2.82}{\376\377\0007\000.\0003\000.\0002\000.\0008\0002\000\040\000c\000i\000a\000a\000w\000\137\000s\000a\000w\000\137\000P\000r}{subsection.7.3.2}% 122
\BOOKMARK [3][-]{subsubsection.7.3.2.83}{\376\377\0007\000.\0003\000.\0002\000.\0008\0003\000\040\000c\000i\000a\000a\000w\000\137\000s\000a\000w\000\137\000P\000t}{subsection.7.3.2}% 123
\BOOKMARK [3][-]{subsubsection.7.3.2.84}{\376\377\0007\000.\0003\000.\0002\000.\0008\0004\000\040\000c\000i\000a\000a\000w\000\137\000s\000a\000w\000\137\000P\000u}{subsection.7.3.2}% 124
\BOOKMARK [3][-]{subsubsection.7.3.2.85}{\376\377\0007\000.\0003\000.\0002\000.\0008\0005\000\040\000c\000i\000a\000a\000w\000\137\000s\000a\000w\000\137\000R\000a}{subsection.7.3.2}% 125
\BOOKMARK [3][-]{subsubsection.7.3.2.86}{\376\377\0007\000.\0003\000.\0002\000.\0008\0006\000\040\000c\000i\000a\000a\000w\000\137\000s\000a\000w\000\137\000R\000b}{subsection.7.3.2}% 126
\BOOKMARK [3][-]{subsubsection.7.3.2.87}{\376\377\0007\000.\0003\000.\0002\000.\0008\0007\000\040\000c\000i\000a\000a\000w\000\137\000s\000a\000w\000\137\000R\000e}{subsection.7.3.2}% 127
\BOOKMARK [3][-]{subsubsection.7.3.2.88}{\376\377\0007\000.\0003\000.\0002\000.\0008\0008\000\040\000c\000i\000a\000a\000w\000\137\000s\000a\000w\000\137\000R\000f}{subsection.7.3.2}% 128
\BOOKMARK [3][-]{subsubsection.7.3.2.89}{\376\377\0007\000.\0003\000.\0002\000.\0008\0009\000\040\000c\000i\000a\000a\000w\000\137\000s\000a\000w\000\137\000R\000g}{subsection.7.3.2}% 129
\BOOKMARK [3][-]{subsubsection.7.3.2.90}{\376\377\0007\000.\0003\000.\0002\000.\0009\0000\000\040\000c\000i\000a\000a\000w\000\137\000s\000a\000w\000\137\000R\000h}{subsection.7.3.2}% 130
\BOOKMARK [3][-]{subsubsection.7.3.2.91}{\376\377\0007\000.\0003\000.\0002\000.\0009\0001\000\040\000c\000i\000a\000a\000w\000\137\000s\000a\000w\000\137\000R\000n}{subsection.7.3.2}% 131
\BOOKMARK [3][-]{subsubsection.7.3.2.92}{\376\377\0007\000.\0003\000.\0002\000.\0009\0002\000\040\000c\000i\000a\000a\000w\000\137\000s\000a\000w\000\137\000R\000u}{subsection.7.3.2}% 132
\BOOKMARK [3][-]{subsubsection.7.3.2.93}{\376\377\0007\000.\0003\000.\0002\000.\0009\0003\000\040\000c\000i\000a\000a\000w\000\137\000s\000a\000w\000\137\000S}{subsection.7.3.2}% 133
\BOOKMARK [3][-]{subsubsection.7.3.2.94}{\376\377\0007\000.\0003\000.\0002\000.\0009\0004\000\040\000c\000i\000a\000a\000w\000\137\000s\000a\000w\000\137\000S\000b}{subsection.7.3.2}% 134
\BOOKMARK [3][-]{subsubsection.7.3.2.95}{\376\377\0007\000.\0003\000.\0002\000.\0009\0005\000\040\000c\000i\000a\000a\000w\000\137\000s\000a\000w\000\137\000S\000c}{subsection.7.3.2}% 135
\BOOKMARK [3][-]{subsubsection.7.3.2.96}{\376\377\0007\000.\0003\000.\0002\000.\0009\0006\000\040\000c\000i\000a\000a\000w\000\137\000s\000a\000w\000\137\000S\000e}{subsection.7.3.2}% 136
\BOOKMARK [3][-]{subsubsection.7.3.2.97}{\376\377\0007\000.\0003\000.\0002\000.\0009\0007\000\040\000c\000i\000a\000a\000w\000\137\000s\000a\000w\000\137\000S\000g}{subsection.7.3.2}% 137
\BOOKMARK [3][-]{subsubsection.7.3.2.98}{\376\377\0007\000.\0003\000.\0002\000.\0009\0008\000\040\000c\000i\000a\000a\000w\000\137\000s\000a\000w\000\137\000S\000i}{subsection.7.3.2}% 138
\BOOKMARK [3][-]{subsubsection.7.3.2.99}{\376\377\0007\000.\0003\000.\0002\000.\0009\0009\000\040\000c\000i\000a\000a\000w\000\137\000s\000a\000w\000\137\000S\000m}{subsection.7.3.2}% 139
\BOOKMARK [3][-]{subsubsection.7.3.2.100}{\376\377\0007\000.\0003\000.\0002\000.\0001\0000\0000\000\040\000c\000i\000a\000a\000w\000\137\000s\000a\000w\000\137\000S\000n}{subsection.7.3.2}% 140
\BOOKMARK [3][-]{subsubsection.7.3.2.101}{\376\377\0007\000.\0003\000.\0002\000.\0001\0000\0001\000\040\000c\000i\000a\000a\000w\000\137\000s\000a\000w\000\137\000S\000r}{subsection.7.3.2}% 141
\BOOKMARK [3][-]{subsubsection.7.3.2.102}{\376\377\0007\000.\0003\000.\0002\000.\0001\0000\0002\000\040\000c\000i\000a\000a\000w\000\137\000s\000a\000w\000\137\000T\000a}{subsection.7.3.2}% 142
\BOOKMARK [3][-]{subsubsection.7.3.2.103}{\376\377\0007\000.\0003\000.\0002\000.\0001\0000\0003\000\040\000c\000i\000a\000a\000w\000\137\000s\000a\000w\000\137\000T\000b}{subsection.7.3.2}% 143
\BOOKMARK [3][-]{subsubsection.7.3.2.104}{\376\377\0007\000.\0003\000.\0002\000.\0001\0000\0004\000\040\000c\000i\000a\000a\000w\000\137\000s\000a\000w\000\137\000T\000c}{subsection.7.3.2}% 144
\BOOKMARK [3][-]{subsubsection.7.3.2.105}{\376\377\0007\000.\0003\000.\0002\000.\0001\0000\0005\000\040\000c\000i\000a\000a\000w\000\137\000s\000a\000w\000\137\000T\000e}{subsection.7.3.2}% 145
\BOOKMARK [3][-]{subsubsection.7.3.2.106}{\376\377\0007\000.\0003\000.\0002\000.\0001\0000\0006\000\040\000c\000i\000a\000a\000w\000\137\000s\000a\000w\000\137\000T\000h}{subsection.7.3.2}% 146
\BOOKMARK [3][-]{subsubsection.7.3.2.107}{\376\377\0007\000.\0003\000.\0002\000.\0001\0000\0007\000\040\000c\000i\000a\000a\000w\000\137\000s\000a\000w\000\137\000T\000i}{subsection.7.3.2}% 147
\BOOKMARK [3][-]{subsubsection.7.3.2.108}{\376\377\0007\000.\0003\000.\0002\000.\0001\0000\0008\000\040\000c\000i\000a\000a\000w\000\137\000s\000a\000w\000\137\000T\000l}{subsection.7.3.2}% 148
\BOOKMARK [3][-]{subsubsection.7.3.2.109}{\376\377\0007\000.\0003\000.\0002\000.\0001\0000\0009\000\040\000c\000i\000a\000a\000w\000\137\000s\000a\000w\000\137\000T\000m}{subsection.7.3.2}% 149
\BOOKMARK [3][-]{subsubsection.7.3.2.110}{\376\377\0007\000.\0003\000.\0002\000.\0001\0001\0000\000\040\000c\000i\000a\000a\000w\000\137\000s\000a\000w\000\137\000T\000s}{subsection.7.3.2}% 150
\BOOKMARK [3][-]{subsubsection.7.3.2.111}{\376\377\0007\000.\0003\000.\0002\000.\0001\0001\0001\000\040\000c\000i\000a\000a\000w\000\137\000s\000a\000w\000\137\000U}{subsection.7.3.2}% 151
\BOOKMARK [3][-]{subsubsection.7.3.2.112}{\376\377\0007\000.\0003\000.\0002\000.\0001\0001\0002\000\040\000c\000i\000a\000a\000w\000\137\000s\000a\000w\000\137\000V}{subsection.7.3.2}% 152
\BOOKMARK [3][-]{subsubsection.7.3.2.113}{\376\377\0007\000.\0003\000.\0002\000.\0001\0001\0003\000\040\000c\000i\000a\000a\000w\000\137\000s\000a\000w\000\137\000W}{subsection.7.3.2}% 153
\BOOKMARK [3][-]{subsubsection.7.3.2.114}{\376\377\0007\000.\0003\000.\0002\000.\0001\0001\0004\000\040\000c\000i\000a\000a\000w\000\137\000s\000a\000w\000\137\000X\000e}{subsection.7.3.2}% 154
\BOOKMARK [3][-]{subsubsection.7.3.2.115}{\376\377\0007\000.\0003\000.\0002\000.\0001\0001\0005\000\040\000c\000i\000a\000a\000w\000\137\000s\000a\000w\000\137\000Y}{subsection.7.3.2}% 155
\BOOKMARK [3][-]{subsubsection.7.3.2.116}{\376\377\0007\000.\0003\000.\0002\000.\0001\0001\0006\000\040\000c\000i\000a\000a\000w\000\137\000s\000a\000w\000\137\000Y\000b}{subsection.7.3.2}% 156
\BOOKMARK [3][-]{subsubsection.7.3.2.117}{\376\377\0007\000.\0003\000.\0002\000.\0001\0001\0007\000\040\000c\000i\000a\000a\000w\000\137\000s\000a\000w\000\137\000Y\000E\000A\000R}{subsection.7.3.2}% 157
\BOOKMARK [3][-]{subsubsection.7.3.2.118}{\376\377\0007\000.\0003\000.\0002\000.\0001\0001\0008\000\040\000c\000i\000a\000a\000w\000\137\000s\000a\000w\000\137\000Z\000n}{subsection.7.3.2}% 158
\BOOKMARK [3][-]{subsubsection.7.3.2.119}{\376\377\0007\000.\0003\000.\0002\000.\0001\0001\0009\000\040\000c\000i\000a\000a\000w\000\137\000s\000a\000w\000\137\000Z\000r}{subsection.7.3.2}% 159
\BOOKMARK [1][-]{section.7.4}{\376\377\0007\000.\0004\000\040\000c\000i\000a\000a\000w\000\137\000s\000a\000w\000.\000h}{chapter.7}% 160
\BOOKMARK [1][-]{section.7.5}{\376\377\0007\000.\0005\000\040\000c\000i\000a\000a\000w\000\137\000v\000e\000r\000s\000i\000o\000n\000.\000h\000\040\000F\000i\000l\000e\000\040\000R\000e\000f\000e\000r\000e\000n\000c\000e}{chapter.7}% 161
\BOOKMARK [2][-]{subsection.7.5.1}{\376\377\0007\000.\0005\000.\0001\000\040\000D\000e\000t\000a\000i\000l\000e\000d\000\040\000D\000e\000s\000c\000r\000i\000p\000t\000i\000o\000n}{section.7.5}% 162
\BOOKMARK [2][-]{subsection.7.5.2}{\376\377\0007\000.\0005\000.\0002\000\040\000F\000u\000n\000c\000t\000i\000o\000n\000\040\000D\000o\000c\000u\000m\000e\000n\000t\000a\000t\000i\000o\000n}{section.7.5}% 163
\BOOKMARK [3][-]{subsubsection.7.5.2.1}{\376\377\0007\000.\0005\000.\0002\000.\0001\000\040\000c\000i\000a\000a\000w\000\137\000g\000e\000t\000\137\000v\000e\000r\000s\000i\000o\000n\000\050\000\051}{subsection.7.5.2}% 164
\BOOKMARK [1][-]{section.7.6}{\376\377\0007\000.\0006\000\040\000c\000i\000a\000a\000w\000\137\000v\000e\000r\000s\000i\000o\000n\000.\000h}{chapter.7}% 165
\BOOKMARK [1][-]{section.7.7}{\376\377\0007\000.\0007\000\040\000c\000i\000a\000a\000w\000.\000f\0009\0000\000\040\000F\000i\000l\000e\000\040\000R\000e\000f\000e\000r\000e\000n\000c\000e}{chapter.7}% 166
\BOOKMARK [2][-]{subsection.7.7.1}{\376\377\0007\000.\0007\000.\0001\000\040\000D\000e\000t\000a\000i\000l\000e\000d\000\040\000D\000e\000s\000c\000r\000i\000p\000t\000i\000o\000n}{section.7.7}% 167
\BOOKMARK [1][-]{section.7.8}{\376\377\0007\000.\0008\000\040\000c\000i\000a\000a\000w\000\137\000s\000a\000w\000.\000f\0009\0000\000\040\000F\000i\000l\000e\000\040\000R\000e\000f\000e\000r\000e\000n\000c\000e}{chapter.7}% 168
\BOOKMARK [2][-]{subsection.7.8.1}{\376\377\0007\000.\0008\000.\0001\000\040\000D\000e\000t\000a\000i\000l\000e\000d\000\040\000D\000e\000s\000c\000r\000i\000p\000t\000i\000o\000n}{section.7.8}% 169
\BOOKMARK [1][-]{section.7.9}{\376\377\0007\000.\0009\000\040\000c\000i\000a\000a\000w\000\137\000v\000e\000r\000s\000i\000o\000n\000.\000f\0009\0000\000\040\000F\000i\000l\000e\000\040\000R\000e\000f\000e\000r\000e\000n\000c\000e}{chapter.7}% 170
\BOOKMARK [2][-]{subsection.7.9.1}{\376\377\0007\000.\0009\000.\0001\000\040\000D\000e\000t\000a\000i\000l\000e\000d\000\040\000D\000e\000s\000c\000r\000i\000p\000t\000i\000o\000n}{section.7.9}% 171
\BOOKMARK [0][-]{section*.19}{\376\377\000I\000n\000d\000e\000x}{}% 172
